c:\c_programming\source\repos\pointers lesson\pointers lesson\release\vc142.pdb
c:\c_programming\source\repos\pointers lesson\pointers lesson\release\pointers7.obj
c:\c_programming\source\repos\pointers lesson\pointers lesson\release\pointers6.obj
c:\c_programming\source\repos\pointers lesson\pointers lesson\release\pointers5.obj
c:\c_programming\source\repos\pointers lesson\pointers lesson\release\pointers4.obj
c:\c_programming\source\repos\pointers lesson\pointers lesson\release\pointers3.obj
c:\c_programming\source\repos\pointers lesson\pointers lesson\release\pointers2.obj
c:\c_programming\source\repos\pointers lesson\pointers lesson\release\pointers1.obj
c:\c_programming\source\repos\pointers lesson\pointers lesson\release\pointers.obj
c:\c_programming\source\repos\pointers lesson\pointers lesson\release\pointers8.obj
c:\c_programming\source\repos\pointers lesson\pointers lesson\release\pointers9.obj
c:\c_programming\source\repos\pointers lesson\pointers lesson\release\pointers11.obj
c:\c_programming\source\repos\pointers lesson\pointers lesson\release\pointers10.obj
c:\c_programming\source\repos\pointers lesson\release\pointers_lesson.exe
c:\c_programming\source\repos\pointers lesson\release\pointers_lesson.pdb
c:\c_programming\source\repos\pointers lesson\release\pointers_lesson.ipdb
c:\c_programming\source\repos\pointers lesson\release\pointers_lesson.iobj
c:\c_programming\source\repos\pointers lesson\pointers lesson\release\pointers_lesson.tlog\cl.command.1.tlog
c:\c_programming\source\repos\pointers lesson\pointers lesson\release\pointers_lesson.tlog\cl.read.1.tlog
c:\c_programming\source\repos\pointers lesson\pointers lesson\release\pointers_lesson.tlog\cl.write.1.tlog
c:\c_programming\source\repos\pointers lesson\pointers lesson\release\pointers_lesson.tlog\link.command.1.tlog
c:\c_programming\source\repos\pointers lesson\pointers lesson\release\pointers_lesson.tlog\link.read.1.tlog
c:\c_programming\source\repos\pointers lesson\pointers lesson\release\pointers_lesson.tlog\link.write.1.tlog
c:\c_programming\source\repos\pointers lesson\pointers lesson\release\pointers_lesson.tlog\pointers_lesson.write.1u.tlog
